<?xml version="1.0" encoding="UTF-8"?>
<!-- Generated by org.testng.reporters.JUnitReportReporter -->
<testsuite hostname="DESKTOP-EE399L2" failures="0" tests="1" name="soapui_e2e.TestRunner" time="5.409" errors="0" timestamp="13 Aug 2020 18:28:41 GMT" skipped="0">
  <testcase classname="soapui_e2e.TestRunner" name="soapui" time="5.409"/>
</testsuite> <!-- soapui_e2e.TestRunner -->
