<?xml version="1.0" encoding="UTF-8"?>
<!-- Generated by org.testng.reporters.JUnitReportReporter -->
<testsuite hostname="DESKTOP-EE399L2" failures="0" tests="1" name="TestRunner" time="11.447" errors="0" timestamp="13 Aug 2020 04:43:17 GMT" skipped="0">
  <testcase classname="TestRunner" name="rest" time="11.447"/>
</testsuite> <!-- TestRunner -->
